00:26:35,997 INFO  [Bus] Bus #1: 0 arrived Stop #1 [Bus #1: 0]: 50
00:26:36,001 INFO  [Bus] Bus #2: 0 arrived Stop #1 [Bus #1: 0, Bus #2: 0]: 50
00:26:36,060 INFO  [Bus] Bus #1: 1 left the Stop #1 [Bus #2: 0, Bus #3: 0]: 49
00:26:36,120 INFO  [Bus] Bus #1: 1 arrived Stop #2 [Bus #1: 1]: 50
00:26:36,060 INFO  [Bus] Bus #3: 0 arrived Stop #1 [Bus #2: 0, Bus #3: 0]: 49
00:26:36,123 INFO  [Bus] Bus #4: 0 arrived Stop #1 [Bus #2: 0, Bus #4: 0]: 45
00:26:36,124 INFO  [Bus] Bus #5: 0 arrived Stop #1 [Bus #2: 0, Bus #5: 0]: 43
00:26:36,129 INFO  [Bus] Bus #4: 2 left the Stop #1 [Bus #2: 0, Bus #5: 14]: 29
00:26:36,132 INFO  [Bus] Bus #4: 2 arrived Stop #2 [Bus #4: 2]: 29
00:26:36,132 INFO  [Bus] Bus #1: 22 left the Stop #2 []: 29
00:26:36,130 INFO  [Bus] Bus #3: 4 left the Stop #1 [Bus #2: 0, Bus #6: 0]: 29
00:26:36,144 INFO  [Bus] Bus #3: 4 arrived Stop #2 [Bus #3: 4]: 28
00:26:36,130 INFO  [Bus] Bus #5: 14 left the Stop #1 [Bus #2: 0, Bus #6: 0]: 29
00:26:36,130 INFO  [Bus] Bus #6: 0 arrived Stop #1 [Bus #2: 0, Bus #6: 0]: 29
00:26:36,153 INFO  [Bus] Bus #6: 1 left the Stop #1 []: 27
00:26:36,154 INFO  [Bus] Bus #6: 1 arrived Stop #2 [Bus #3: 15, Bus #6: 1]: 17
00:26:36,146 INFO  [Bus] Bus #1: 22 arrived Stop #3 [Bus #1: 22]: 50
00:26:36,142 INFO  [Bus] Bus #4: 3 left the Stop #2 []: 28
00:26:36,224 INFO  [Bus] Bus #4: 3 arrived Stop #3 [Bus #4: 3]: 45
00:26:36,224 INFO  [Bus] Bus #4: 18 left the Stop #3 []: 30
00:26:36,224 INFO  [Bus] Bus #4: 18 arrived Stop #4 [Bus #4: 18]: 50
00:26:36,158 INFO  [Bus] Bus #2: 1 left the Stop #1 [Bus #7: 0, Bus #8: 0]: 27
00:26:36,158 INFO  [Bus] Bus #8: 0 arrived Stop #1 [Bus #7: 0, Bus #8: 0]: 27
00:26:36,228 INFO  [Bus] Bus #8: 2 left the Stop #1 [Bus #7: 0]: 25
00:26:36,158 INFO  [Bus] Bus #7: 0 arrived Stop #1 [Bus #7: 0]: 27
00:26:36,228 INFO  [Bus] Bus #7: 4 left the Stop #1 []: 21
00:26:36,229 INFO  [Bus] Bus #9: 0 arrived Stop #1 [Bus #9: 0]: 21
00:26:36,229 INFO  [Bus] Bus #9: 4 left the Stop #1 []: 17
00:26:36,158 INFO  [Bus] Bus #5: 14 arrived Stop #2 [Bus #6: 1, Bus #5: 14]: 17
00:26:36,230 INFO  [Bus] Bus #5: 5 left the Stop #2 [Bus #6: 4]: 23
00:26:36,230 INFO  [Bus] Bus #5: 5 arrived Stop #3 [Bus #5: 5]: 30
00:26:36,230 INFO  [Bus] Bus #5: 11 left the Stop #3 []: 24
00:26:36,231 INFO  [Bus] Bus #5: 11 arrived Stop #4 [Bus #4: 18, Bus #5: 11]: 50
00:26:36,231 INFO  [Bus] Bus #5: 18 left the Stop #4 [Bus #4: 21]: 40
00:26:36,231 INFO  [Bus] Bus #5: 18 arrived Stop #5 [Bus #5: 18]: 50
00:26:36,232 INFO  [Bus] Bus #10: 0 arrived Stop #1 [Bus #10: 0]: 17
00:26:36,235 INFO  [Bus] Bus #10: 1 left the Stop #1 []: 16
00:26:36,158 INFO  [Bus] Bus #3: 15 left the Stop #2 [Bus #6: 1]: 17
00:26:36,235 INFO  [Bus] Bus #3: 15 arrived Stop #3 [Bus #3: 15]: 24
00:26:36,236 INFO  [Bus] Bus #3: 14 left the Stop #3 []: 25
00:26:36,236 INFO  [Bus] Bus #3: 14 arrived Stop #4 [Bus #4: 4, Bus #3: 14]: 57
00:26:36,236 INFO  [Bus] Bus #3: 20 left the Stop #4 [Bus #4: 5]: 50
00:26:36,237 INFO  [Bus] Bus #3: 20 arrived Stop #5 [Bus #5: 7, Bus #3: 20]: 61
00:26:36,237 INFO  [Bus] Bus #3: 1 left the Stop #5 [Bus #5: 8]: 79
00:26:36,233 INFO  [Bus] Bus #1: 27 left the Stop #3 []: 45
00:26:36,232 INFO  [Bus] Bus #2: 1 arrived Stop #2 [Bus #6: 4, Bus #2: 1]: 23
00:26:36,238 INFO  [Bus] Bus #2: 4 left the Stop #2 [Bus #6: 5]: 19
00:26:36,238 INFO  [Bus] Bus #2: 4 arrived Stop #3 [Bus #2: 4]: 25
00:26:36,239 INFO  [Bus] Bus #2: 3 left the Stop #3 []: 26
00:26:36,239 INFO  [Bus] Bus #2: 3 arrived Stop #4 [Bus #4: 5, Bus #2: 3]: 50
00:26:36,239 INFO  [Bus] Bus #2: 16 left the Stop #4 [Bus #4: 5]: 37
00:26:36,240 INFO  [Bus] Bus #2: 16 arrived Stop #5 [Bus #5: 8, Bus #2: 16]: 79
00:26:36,240 INFO  [Bus] Bus #2: 4 left the Stop #5 [Bus #5: 12]: 87
00:26:36,240 INFO  [Bus] Bus #1: 27 arrived Stop #4 [Bus #4: 5, Bus #1: 27]: 37
00:26:36,241 INFO  [Bus] Bus #8: 2 arrived Stop #2 [Bus #6: 5, Bus #8: 2]: 19
00:26:36,242 INFO  [Bus] Bus #8: 8 left the Stop #2 [Bus #6: 7]: 11
00:26:36,242 INFO  [Bus] Bus #8: 8 arrived Stop #3 [Bus #8: 8]: 26
00:26:36,242 INFO  [Bus] Bus #8: 20 left the Stop #3 []: 14
00:26:36,243 INFO  [Bus] Bus #7: 4 arrived Stop #2 [Bus #6: 7, Bus #7: 4]: 11
00:26:36,243 INFO  [Bus] Bus #7: 0 left the Stop #2 [Bus #6: 7]: 15
00:26:36,244 INFO  [Bus] Bus #7: 0 arrived Stop #3 [Bus #7: 0]: 14
00:26:36,244 INFO  [Bus] Bus #7: 1 left the Stop #3 []: 13
00:26:36,244 INFO  [Bus] Bus #9: 4 arrived Stop #2 [Bus #6: 7, Bus #9: 4]: 15
00:26:36,245 INFO  [Bus] Bus #9: 1 left the Stop #2 [Bus #6: 8]: 17
00:26:36,245 INFO  [Bus] Bus #9: 1 arrived Stop #3 [Bus #9: 1]: 13
00:26:36,246 INFO  [Bus] Bus #9: 3 left the Stop #3 []: 11
00:26:36,246 INFO  [Bus] Bus #10: 1 arrived Stop #2 [Bus #6: 8, Bus #10: 1]: 17
00:26:36,246 INFO  [Bus] Bus #10: 10 left the Stop #2 [Bus #6: 8]: 8
00:26:36,247 INFO  [Bus] Bus #10: 10 arrived Stop #3 [Bus #10: 10]: 11
00:26:36,247 INFO  [Bus] Bus #10: 4 left the Stop #3 []: 17
00:26:36,247 INFO  [Bus] Bus #4: 18 left the Stop #4 [Bus #1: 12]: 39
00:26:36,248 INFO  [Bus] Bus #4: 18 arrived Stop #5 [Bus #5: 12, Bus #4: 18]: 87
00:26:36,248 INFO  [Bus] Bus #4: 13 left the Stop #5 [Bus #5: 14]: 90
00:26:36,249 INFO  [Bus] Bus #1: 26 left the Stop #4 []: 25
00:26:36,249 INFO  [Bus] Bus #1: 26 arrived Stop #5 [Bus #5: 14, Bus #1: 26]: 90
00:26:36,250 INFO  [Bus] Bus #1: 26 left the Stop #5 [Bus #5: 16]: 88
00:26:36,250 INFO  [Bus] Bus #7: 1 arrived Stop #4 [Bus #7: 1]: 25
00:26:36,250 INFO  [Bus] Bus #7: 4 left the Stop #4 []: 22
00:26:36,251 INFO  [Bus] Bus #7: 4 arrived Stop #5 [Bus #5: 16, Bus #7: 4]: 88
00:26:36,251 INFO  [Bus] Bus #9: 3 arrived Stop #4 [Bus #9: 3]: 22
00:26:36,252 INFO  [Bus] Bus #9: 7 left the Stop #4 [Bus #10: 4]: 18
00:26:36,252 INFO  [Bus] Bus #8: 20 arrived Stop #4 [Bus #10: 4, Bus #8: 20]: 18
00:26:36,253 INFO  [Bus] Bus #8: 12 left the Stop #4 [Bus #10: 5]: 25
00:26:36,251 INFO  [Bus] Bus #10: 4 arrived Stop #4 [Bus #9: 3, Bus #10: 4]: 22
00:26:36,256 INFO  [Bus] Bus #10: 3 left the Stop #4 []: 27
00:26:36,255 INFO  [Bus] Bus #9: 7 arrived Stop #5 [Bus #7: 19, Bus #9: 7]: 72
00:26:36,257 INFO  [Bus] Bus #9: 13 left the Stop #5 [Bus #7: 19]: 66
00:26:36,255 INFO  [Bus] Bus #5: 17 left the Stop #5 [Bus #7: 19]: 72
00:26:36,258 INFO  [Bus] Bus #6: 10 left the Stop #2 []: 6
00:26:36,258 INFO  [Bus] Bus #6: 10 arrived Stop #3 [Bus #6: 10]: 17
00:26:36,258 INFO  [Bus] Bus #6: 11 left the Stop #3 []: 16
00:26:36,259 INFO  [Bus] Bus #6: 11 arrived Stop #4 [Bus #6: 11]: 27
00:26:36,260 INFO  [Bus] Bus #10: 3 arrived Stop #5 [Bus #8: 12, Bus #10: 3]: 66
00:26:36,260 INFO  [Bus] Bus #7: 19 left the Stop #5 [Bus #8: 12]: 66
00:26:36,259 INFO  [Bus] Bus #8: 12 arrived Stop #5 [Bus #7: 19, Bus #8: 12]: 66
00:26:36,267 INFO  [Bus] Bus #10: 12 left the Stop #5 [Bus #8: 12]: 57
00:26:36,268 INFO  [Bus] Bus #8: 6 left the Stop #5 []: 63
00:26:36,271 INFO  [Bus] Bus #6: 27 left the Stop #4 []: 11
00:26:36,276 INFO  [Bus] Bus #6: 27 arrived Stop #5 [Bus #6: 27]: 63
00:26:36,277 INFO  [Bus] Bus #6: 26 left the Stop #5 []: 64
